<?xml version="1.0" encoding="UTF-8"?>
<!-- Generated by org.testng.reporters.JUnitReportReporter -->
<testsuite hostname="W764DCGIBR05" name="Demo.NewTest" tests="1" failures="0" timestamp="27 May 2019 11:47:16 GMT" time="36.555" errors="0">
  <testcase name="f" time="36.555" classname="Demo.NewTest"/>
</testsuite> <!-- Demo.NewTest -->
